<?xml version="1.0" encoding="UTF-8"?>
<!-- Generated by org.testng.reporters.JUnitXMLReporter -->
<testsuite hostname="WINCTRL-510G1N7" ignored="0" name="ChromeTest" tests="1" failures="0" timestamp="2021-04-09T10:44:49 IST" time="10.245" errors="0">
  <testcase name="@BeforeTest bTest" time="9.953" classname="com.lumens.testcases.NegativeScenario">
    <failure type="java.lang.NullPointerException">
      <![CDATA[java.lang.NullPointerException
at com.lumens.testcases.NegativeScenario.bTest(NegativeScenario.java:30)
... Removed 24 stack frames]]>
    </failure>
  </testcase> <!-- @BeforeTest bTest -->
  <testcase name="login" time="0.0" classname="com.lumens.testcases.NegativeScenario">
    <skipped/>
  </testcase> <!-- login -->
</testsuite> <!-- ChromeTest -->
